0 info it worked if it ends with ok
1 verbose cli [ 'C:\\Program Files\\nodejs\\node.exe',
1 verbose cli   'C:\\Users\\s3t3l4\\AppData\\Roaming\\npm\\node_modules\\npm\\bin\\npm-cli.js',
1 verbose cli   'run',
1 verbose cli   'webpack',
1 verbose cli   '--production' ]
2 info using npm@4.1.2
3 info using node@v6.9.1
4 verbose run-script [ 'prewebpack', 'webpack', 'postwebpack' ]
5 info lifecycle lista@0.0.1~prewebpack: lista@0.0.1
6 silly lifecycle lista@0.0.1~prewebpack: no script for prewebpack, continuing
7 info lifecycle lista@0.0.1~webpack: lista@0.0.1
8 verbose lifecycle lista@0.0.1~webpack: unsafe-perm in lifecycle true
9 verbose lifecycle lista@0.0.1~webpack: PATH: C:\Users\s3t3l4\AppData\Roaming\npm\node_modules\npm\bin\node-gyp-bin;C:\Users\s3t3l4\desktop\react\lista\node_modules\.bin;C:\Users\s3t3l4\bin;C:\Program Files\Git\mingw32\bin;C:\Program Files\Git\usr\local\bin;C:\Program Files\Git\usr\bin;C:\Program Files\Git\usr\bin;C:\Program Files\Git\mingw32\bin;C:\Program Files\Git\usr\bin;C:\Users\s3t3l4\bin;C:\ProgramData\Oracle\Java\javapath;C:\WINDOWS\system32;C:\WINDOWS;C:\WINDOWS\System32\Wbem;C:\WINDOWS\System32\WindowsPowerShell\v1.0;C:\Program Files\ATI Technologies\ATI.ACE\Core-Static;C:\Program Files\nodejs;C:\Program Files\Git\cmd;C:\Program Files\Yarn\bin;C:\Users\s3t3l4\AppData\Local\Microsoft\WindowsApps;C:\Users\s3t3l4\AppData\Roaming\npm;C:\Users\s3t3l4\AppData\Local\Yarn\.bin;C:\Program Files\Git\usr\bin\vendor_perl;C:\Program Files\Git\usr\bin\core_perl
10 verbose lifecycle lista@0.0.1~webpack: CWD: C:\Users\s3t3l4\desktop\react\lista
11 silly lifecycle lista@0.0.1~webpack: Args: [ '/d /s /c', 'webpack' ]
12 silly lifecycle lista@0.0.1~webpack: Returned: code: 1  signal: null
13 info lifecycle lista@0.0.1~webpack: Failed to exec webpack script
14 verbose stack Error: lista@0.0.1 webpack: `webpack`
14 verbose stack Exit status 1
14 verbose stack     at EventEmitter.<anonymous> (C:\Users\s3t3l4\AppData\Roaming\npm\node_modules\npm\lib\utils\lifecycle.js:279:16)
14 verbose stack     at emitTwo (events.js:106:13)
14 verbose stack     at EventEmitter.emit (events.js:191:7)
14 verbose stack     at ChildProcess.<anonymous> (C:\Users\s3t3l4\AppData\Roaming\npm\node_modules\npm\lib\utils\spawn.js:40:14)
14 verbose stack     at emitTwo (events.js:106:13)
14 verbose stack     at ChildProcess.emit (events.js:191:7)
14 verbose stack     at maybeClose (internal/child_process.js:877:16)
14 verbose stack     at Process.ChildProcess._handle.onexit (internal/child_process.js:226:5)
15 verbose pkgid lista@0.0.1
16 verbose cwd C:\Users\s3t3l4\desktop\react\lista
17 error Windows_NT 10.0.14393
18 error argv "C:\\Program Files\\nodejs\\node.exe" "C:\\Users\\s3t3l4\\AppData\\Roaming\\npm\\node_modules\\npm\\bin\\npm-cli.js" "run" "webpack" "--production"
19 error node v6.9.1
20 error npm  v4.1.2
21 error code ELIFECYCLE
22 error lista@0.0.1 webpack: `webpack`
22 error Exit status 1
23 error Failed at the lista@0.0.1 webpack script 'webpack'.
23 error Make sure you have the latest version of node.js and npm installed.
23 error If you do, this is most likely a problem with the lista package,
23 error not with npm itself.
23 error Tell the author that this fails on your system:
23 error     webpack
23 error You can get information on how to open an issue for this project with:
23 error     npm bugs lista
23 error Or if that isn't available, you can get their info via:
23 error     npm owner ls lista
23 error There is likely additional logging output above.
24 verbose exit [ 1, true ]
